Grading Script Report for dkamdar
Lab: Doubly Linked List Lab
Timestamp: 2012-10-25 23:00:10.326948
Commit: 7f17218fa6aafd20401c2326da1aeccbdc0b224d

* Summary
Test                             Result                                 Max Score
Testing student code             Other Error                            55  0    
Testing student tests            Errors detected                        5   1    
Size doesn't increment           Test Skipped: Qualifying tests failed. 5   0    
Insert front and back reversed.  Test Skipped: Qualifying tests failed. 5   0    
Backward links don't work        Test Skipped: Qualifying tests failed. 5   0    
Delete decrement doesn't run.    Test Skipped: Qualifying tests failed. 5   0    
Delete decrements even on empty. Test Skipped: Qualifying tests failed. 5   0    
Delete doesn't do anything.      Test Skipped: Qualifying tests failed. 5   0    
Insert back doesn't do anything. Test Skipped: Qualifying tests failed. 5   0    
Reverse doesn't do anything.     Test Skipped: Qualifying tests failed. 5   0    


Total Score: 1/100

* Details
Testing student code details:
ulimit -v 1000000 -t 10 ; racket run-tests.rkt
/bin/sh: line 1: 10607 Killed                  racket run-tests.rkt
make: *** [tests] Error 137

Testing student tests details:
ulimit -v 1000000 -t 10 ; racket run-tests.rkt
2
--------------------
Tests for the dlist > Initial dlist Properties
Initial dlist Properties
ERROR
procedure delete: expects 2 arguments, given 1: (dlist #0=(dnode #0# 'sentinel #0#) 0)

--------------------
--------------------
Tests for the dlist > One Element dlist --- Internal Test
One Element dlist --- Internal Test
FAILURE
name:       check-equal?
location:   test-dlist.rkt:42:6
message:    ""
actual:     'sentinel

expected:   '()

Check failure

 === context ===
/usr/lib64/racket/collects/rackunit/private/check.rkt:181:8
/usr/lib64/racket/collects/rackunit/private/check.rkt:108:21: check-equal?237789
/usr/lib64/racket/collects/rackunit/private/result.rkt:99:3
/usr/lib64/racket/collects/rackunit/private/test-suite.rkt:28:2
the-tests
/usr/lib64/racket/collects/rackunit/private/test-suite.rkt:60:0: apply-test-suite
/usr/lib64/racket/collects/rackunit/text-ui.rkt:218:0: run-tests14
/tmp/quarry/dlist/dkamdar/run-tests.rkt: [running body]

--------------------
1 success(es) 1 failure(s) 1 error(s) 3 test(s) run

Size doesn't increment details:


Insert front and back reversed. details:


Backward links don't work details:


Delete decrement doesn't run. details:


Delete decrements even on empty. details:


Delete doesn't do anything. details:


Insert back doesn't do anything. details:


Reverse doesn't do anything. details:


